2025-12-17 16:31:01,936 - Feature_Engineering - DEBUG - Data loaded and NaNs filled from ./data/interim/train_processed.csv
2025-12-17 16:31:01,967 - Feature_Engineering - DEBUG - Data loaded and NaNs filled from ./data/interim/test_processed.csv
2025-12-17 16:31:02,068 - Feature_Engineering - DEBUG - tfidf applied and data transformed
2025-12-17 16:31:02,218 - Feature_Engineering - DEBUG - Data saved to ./data\processed\train_tfidf.csv
2025-12-17 16:31:02,254 - Feature_Engineering - DEBUG - Data saved to ./data\processed\test_tfidf.csv
2025-12-17 16:59:34,661 - Feature_Engineering - DEBUG - Data loaded and NaNs filled from ./data/interim/train_processed.csv
2025-12-17 16:59:34,665 - Feature_Engineering - DEBUG - Data loaded and NaNs filled from ./data/interim/test_processed.csv
2025-12-17 16:59:34,765 - Feature_Engineering - DEBUG - tfidf applied and data transformed
2025-12-17 16:59:34,886 - Feature_Engineering - DEBUG - Data saved to ./data\processed\train_tfidf.csv
2025-12-17 16:59:34,926 - Feature_Engineering - DEBUG - Data saved to ./data\processed\test_tfidf.csv
2025-12-17 18:09:19,600 - Feature_Engineering - DEBUG - Parameters retrieved from params.yaml
2025-12-17 18:09:19,622 - Feature_Engineering - DEBUG - Data loaded and NaNs filled from ./data/interim/train_processed.csv
2025-12-17 18:09:19,632 - Feature_Engineering - DEBUG - Data loaded and NaNs filled from ./data/interim/test_processed.csv
2025-12-17 18:09:19,979 - Feature_Engineering - DEBUG - tfidf applied and data transformed
2025-12-17 18:09:20,393 - Feature_Engineering - DEBUG - Data saved to ./data\processed\train_tfidf.csv
2025-12-17 18:09:20,492 - Feature_Engineering - DEBUG - Data saved to ./data\processed\test_tfidf.csv
2025-12-17 22:35:54,640 - Feature_Engineering - DEBUG - Parameters retrieved from params.yaml
2025-12-17 22:35:54,673 - Feature_Engineering - DEBUG - Data loaded and NaNs filled from ./data/interim/train_processed.csv
2025-12-17 22:35:54,694 - Feature_Engineering - DEBUG - Data loaded and NaNs filled from ./data/interim/test_processed.csv
2025-12-17 22:35:54,771 - Feature_Engineering - DEBUG - tfidf applied and data transformed
2025-12-17 22:35:54,892 - Feature_Engineering - DEBUG - Data saved to ./data\processed\train_tfidf.csv
2025-12-17 22:35:54,932 - Feature_Engineering - DEBUG - Data saved to ./data\processed\test_tfidf.csv
2025-12-18 15:04:00,531 - Feature_Engineering - DEBUG - Parameters retrieved from params.yaml
2025-12-18 15:04:00,576 - Feature_Engineering - DEBUG - Data loaded and NaNs filled from ./data/interim/train_processed.csv
2025-12-18 15:04:00,606 - Feature_Engineering - DEBUG - Data loaded and NaNs filled from ./data/interim/test_processed.csv
2025-12-18 15:04:00,763 - Feature_Engineering - DEBUG - tfidf applied and data transformed
2025-12-18 15:04:00,887 - Feature_Engineering - DEBUG - Data saved to ./data\processed\train_tfidf.csv
2025-12-18 15:04:00,921 - Feature_Engineering - DEBUG - Data saved to ./data\processed\test_tfidf.csv
2025-12-18 15:11:30,046 - Feature_Engineering - DEBUG - Parameters retrieved from params.yaml
2025-12-18 15:11:30,096 - Feature_Engineering - DEBUG - Data loaded and NaNs filled from ./data/interim/train_processed.csv
2025-12-18 15:11:30,134 - Feature_Engineering - DEBUG - Data loaded and NaNs filled from ./data/interim/test_processed.csv
2025-12-18 15:11:30,341 - Feature_Engineering - DEBUG - tfidf applied and data transformed
2025-12-18 15:11:30,580 - Feature_Engineering - DEBUG - Data saved to ./data\processed\train_tfidf.csv
2025-12-18 15:11:30,660 - Feature_Engineering - DEBUG - Data saved to ./data\processed\test_tfidf.csv
2025-12-18 15:19:43,426 - Feature_Engineering - DEBUG - Parameters retrieved from params.yaml
2025-12-18 15:19:43,444 - Feature_Engineering - DEBUG - Data loaded and NaNs filled from ./data/interim/train_processed.csv
2025-12-18 15:19:43,452 - Feature_Engineering - DEBUG - Data loaded and NaNs filled from ./data/interim/test_processed.csv
2025-12-18 15:19:43,604 - Feature_Engineering - DEBUG - tfidf applied and data transformed
2025-12-18 15:19:43,790 - Feature_Engineering - DEBUG - Data saved to ./data\processed\train_tfidf.csv
2025-12-18 15:19:43,931 - Feature_Engineering - DEBUG - Data saved to ./data\processed\test_tfidf.csv
2025-12-18 15:23:13,260 - Feature_Engineering - DEBUG - Parameters retrieved from params.yaml
2025-12-18 15:23:13,278 - Feature_Engineering - DEBUG - Data loaded and NaNs filled from ./data/interim/train_processed.csv
2025-12-18 15:23:13,288 - Feature_Engineering - DEBUG - Data loaded and NaNs filled from ./data/interim/test_processed.csv
2025-12-18 15:23:13,487 - Feature_Engineering - DEBUG - tfidf applied and data transformed
2025-12-18 15:23:13,867 - Feature_Engineering - DEBUG - Data saved to ./data\processed\train_tfidf.csv
2025-12-18 15:23:14,213 - Feature_Engineering - DEBUG - Data saved to ./data\processed\test_tfidf.csv
