2025-12-17 16:34:22,096 - Model_Building - DEBUG - Data loaded from ./data/processed/train_tfidf.csv with shape (4152, 51)
2025-12-17 16:34:22,099 - Model_Building - DEBUG - Initializing RandomForest model with parameters: {'n_estimators': 25, 'random_state': 2}
2025-12-17 16:34:22,099 - Model_Building - DEBUG - Model training started with 4152 samples
2025-12-17 16:34:22,289 - Model_Building - DEBUG - Model training completed
2025-12-17 16:34:22,299 - Model_Building - DEBUG - Model saved to models/model.pkl
2025-12-17 16:59:37,956 - Model_Building - DEBUG - Data loaded from ./data/processed/train_tfidf.csv with shape (4152, 51)
2025-12-17 16:59:37,958 - Model_Building - DEBUG - Initializing RandomForest model with parameters: {'n_estimators': 25, 'random_state': 2}
2025-12-17 16:59:37,959 - Model_Building - DEBUG - Model training started with 4152 samples
2025-12-17 16:59:38,169 - Model_Building - DEBUG - Model training completed
2025-12-17 16:59:38,173 - Model_Building - DEBUG - Model saved to models/model.pkl
2025-12-17 18:09:24,377 - Model_Building - DEBUG - Parameters retrieved from params.yaml
2025-12-17 18:09:24,414 - Model_Building - DEBUG - Data loaded from ./data/processed/train_tfidf.csv with shape (4413, 46)
2025-12-17 18:09:24,416 - Model_Building - DEBUG - Initializing RandomForest model with parameters: {'n_estimators': 20, 'random_state': 2}
2025-12-17 18:09:24,417 - Model_Building - DEBUG - Model training started with 4413 samples
2025-12-17 18:09:24,594 - Model_Building - DEBUG - Model training completed
2025-12-17 18:09:24,597 - Model_Building - DEBUG - Model saved to models/model.pkl
2025-12-17 22:36:01,561 - Model_Building - DEBUG - Parameters retrieved from params.yaml
2025-12-17 22:36:01,586 - Model_Building - DEBUG - Data loaded from ./data/processed/train_tfidf.csv with shape (4152, 36)
2025-12-17 22:36:01,588 - Model_Building - DEBUG - Initializing RandomForest model with parameters: {'n_estimators': 22, 'random_state': 2}
2025-12-17 22:36:01,588 - Model_Building - DEBUG - Model training started with 4152 samples
2025-12-17 22:36:01,717 - Model_Building - DEBUG - Model training completed
2025-12-17 22:36:01,727 - Model_Building - DEBUG - Model saved to models/model.pkl
2025-12-17 22:40:30,911 - Model_Building - DEBUG - Parameters retrieved from params.yaml
2025-12-17 22:40:30,933 - Model_Building - DEBUG - Data loaded from ./data/processed/train_tfidf.csv with shape (3654, 51)
2025-12-17 22:40:30,935 - Model_Building - DEBUG - Initializing RandomForest model with parameters: {'n_estimators': 25, 'random_state': 2}
2025-12-17 22:40:30,935 - Model_Building - DEBUG - Model training started with 3654 samples
2025-12-17 22:40:31,068 - Model_Building - DEBUG - Model training completed
2025-12-17 22:40:31,071 - Model_Building - DEBUG - Model saved to models/model.pkl
